\BOOKMARK [0][]{part.1}{\376\377\000I\000\040\122\066\117\134\000i\000s\000o\121\111\166\330}{}
\BOOKMARK [1][]{section.1}{\376\377\0001\000\040\116\013\217\175\116\343\170\001\116\323\136\223}{part.1}
\BOOKMARK [2][-]{subsection.1.1}{\376\377\0001\000.\0001\000\040\000a\000p\000t\000-\000m\000i\000r\000r\000o\000r}{section.1}
\BOOKMARK [3][-]{subsubsection.1.1.1}{\376\377\0001\000.\0001\000.\0001\000\040}{subsection.1.1}
\BOOKMARK [1][]{section.2}{\376\377\0002\000\040\000a\000p\000t\000-\000f\000t\000p\000a\000r\000c\000h\000i\000v\000e}{part.1}
\BOOKMARK [2][-]{subsection.2.1}{\376\377\0002\000.\0001\000\040}{section.2}
\BOOKMARK [3][-]{subsubsection.2.1.1}{\376\377\0002\000.\0001\000.\0001\000\040}{subsection.2.1}
\BOOKMARK [1][]{section.3}{\376\377\0003\000\040\000a\000p\000t\000-\000s\000c\000a\000n\000p\000a\000c\000k\000a\000g\000e}{part.1}
\BOOKMARK [2][-]{subsection.3.1}{\376\377\0003\000.\0001\000\040}{section.3}
\BOOKMARK [3][-]{subsubsection.3.1.1}{\376\377\0003\000.\0001\000.\0001\000\040}{subsection.3.1}
\BOOKMARK [1][]{section.4}{\376\377\0004\000\040\000a\000p\000t\000-\000s\000c\000a\000n\000s\000o\000u\000r\000c\000e}{part.1}
\BOOKMARK [2][-]{subsection.4.1}{\376\377\0004\000.\0001\000\040}{section.4}
\BOOKMARK [3][-]{subsubsection.4.1.1}{\376\377\0004\000.\0001\000.\0001\000\040}{subsection.4.1}
\BOOKMARK [1][]{section.5}{\376\377\0005\000\040\000m\000i\000n\000i\000-\000d\000i\000n\000s\000t\000a\000l\000l}{part.1}
\BOOKMARK [2][-]{subsection.5.1}{\376\377\0005\000.\0001\000\040}{section.5}
\BOOKMARK [3][-]{subsubsection.5.1.1}{\376\377\0005\000.\0001\000.\0001\000\040}{subsection.5.1}
\BOOKMARK [1][]{section.6}{\376\377\0006\000\040\123\125\116\052\123\005\177\026\213\321}{part.1}
\BOOKMARK [2][-]{subsection.6.1}{\376\377\0006\000.\0001\000\040}{section.6}
\BOOKMARK [3][-]{subsubsection.6.1.1}{\376\377\0006\000.\0001\000.\0001\000\040}{subsection.6.1}
\BOOKMARK [1][]{section.7}{\376\377\0007\000\040\145\164\117\123\177\026\213\321}{part.1}
\BOOKMARK [2][-]{subsection.7.1}{\376\377\0007\000.\0001\000\040}{section.7}
\BOOKMARK [3][-]{subsubsection.7.1.1}{\376\377\0007\000.\0001\000.\0001\000\040}{subsection.7.1}
\BOOKMARK [0][]{part.2}{\376\377\000I\000I\000\040\000k\000e\000y\232\214\213\301\147\072\122\066}{}
\BOOKMARK [1][]{section.8}{\376\377\0008\000\040\151\202\217\360}{part.2}
\BOOKMARK [2][-]{subsection.8.1}{\376\377\0008\000.\0001\000\040\127\372\147\054\123\237\164\006}{section.8}
\BOOKMARK [3][-]{subsubsection.8.1.1}{\376\377\0008\000.\0001\000.\0001\000\040}{subsection.8.1}
\BOOKMARK [1][]{section.9}{\376\377\0009\000\040\165\037\142\020\133\306\224\245}{part.2}
\BOOKMARK [2][-]{subsection.9.1}{\376\377\0009\000.\0001\000\040}{section.9}
\BOOKMARK [3][-]{subsubsection.9.1.1}{\376\377\0009\000.\0001\000.\0001\000\040}{subsection.9.1}
\BOOKMARK [1][]{section.10}{\376\377\0001\0000\000\040\136\070\165\050\124\175\116\344}{part.2}
\BOOKMARK [2][-]{subsection.10.1}{\376\377\0001\0000\000.\0001\000\040}{section.10}
\BOOKMARK [3][-]{subsubsection.10.1.1}{\376\377\0001\0000\000.\0001\000.\0001\000\040}{subsection.10.1}
\BOOKMARK [1][]{section.11}{\376\377\0001\0001\000\040\000d\000e\000b\000i\000a\000n\133\306\224\245\135\345\121\167}{part.2}
\BOOKMARK [2][-]{subsection.11.1}{\376\377\0001\0001\000.\0001\000\040}{section.11}
\BOOKMARK [3][-]{subsubsection.11.1.1}{\376\377\0001\0001\000.\0001\000.\0001\000\040}{subsection.11.1}
\BOOKMARK [0][]{part.3}{\376\377\000I\000I\000I\000\040\177\121\176\334\133\211\210\305}{}
\BOOKMARK [1][]{section.12}{\376\377\0001\0002\000\040\000s\000y\000s\000l\000i\000n\000u\000x\124\214\000p\000x\000e}{part.3}
\BOOKMARK [2][-]{subsection.12.1}{\376\377\0001\0002\000.\0001\000\040\127\372\147\054\155\101\172\013}{section.12}
\BOOKMARK [3][-]{subsubsection.12.1.1}{\376\377\0001\0002\000.\0001\000.\0001\000\040}{subsection.12.1}
\BOOKMARK [1][]{section.13}{\376\377\0001\0003\000\040\000d\000h\000c\000p}{part.3}
\BOOKMARK [2][-]{subsection.13.1}{\376\377\0001\0003\000.\0001\000\040}{section.13}
\BOOKMARK [3][-]{subsubsection.13.1.1}{\376\377\0001\0003\000.\0001\000.\0001\000\040}{subsection.13.1}
\BOOKMARK [1][]{section.14}{\376\377\0001\0004\000\040\156\220\147\015\122\241\126\150}{part.3}
\BOOKMARK [2][-]{subsection.14.1}{\376\377\0001\0004\000.\0001\000\040}{section.14}
\BOOKMARK [3][-]{subsubsection.14.1.1}{\376\377\0001\0004\000.\0001\000.\0001\000\040}{subsection.14.1}
\BOOKMARK [1][]{section.15}{\376\377\0001\0005\000\040\000p\000r\000e\000s\000e\000e\000d\000.\000c\000f\000g}{part.3}
\BOOKMARK [2][-]{subsection.15.1}{\376\377\0001\0005\000.\0001\000\040}{section.15}
\BOOKMARK [3][-]{subsubsection.15.1.1}{\376\377\0001\0005\000.\0001\000.\0001\000\040}{subsection.15.1}
\BOOKMARK [0][]{part.4}{\376\377\000I\000V\000\040\217\334\172\013\123\107\176\247}{}
\BOOKMARK [1][]{section.16}{\376\377\0001\0006\000\040}{part.4}
\BOOKMARK [2][-]{subsection.16.1}{\376\377\0001\0006\000.\0001\000\040}{section.16}
\BOOKMARK [3][-]{subsubsection.16.1.1}{\376\377\0001\0006\000.\0001\000.\0001\000\040}{subsection.16.1}
\BOOKMARK [0][]{part.5}{\376\377\000V\000\040\123\302\116\016\000d\000e\000b\000i\000a\000n\137\000\123\321}{}
\BOOKMARK [1][]{section.17}{\376\377\0001\0007\000\040}{part.5}
\BOOKMARK [2][-]{subsection.17.1}{\376\377\0001\0007\000.\0001\000\040}{section.17}
\BOOKMARK [3][-]{subsubsection.17.1.1}{\376\377\0001\0007\000.\0001\000.\0001\000\040}{subsection.17.1}
