This is pdfTeXk, Version 3.141592-1.40.3 (Web2C 7.5.6) (format=pdflatex 2010.11.11)  11 NOV 2010 17:14
entering extended mode
 %&-line parsing enabled.
**ddo-scheme.tex
(./ddo-scheme.tex
LaTeX2e <2005/12/01>
Babel <v3.8h> and hyphenation patterns for english, usenglishmax, dumylang, noh
yphenation, pinyin, loaded.
(/usr/share/texmf-texlive/tex/latex/base/article.cls
Document Class: article 2005/09/16 v1.4f Standard LaTeX document class
(/usr/share/texmf-texlive/tex/latex/base/size10.clo
File: size10.clo 2005/09/16 v1.4f Standard LaTeX file (size option)
)
\c@part=\count79
\c@section=\count80
\c@subsection=\count81
\c@subsubsection=\count82
\c@paragraph=\count83
\c@subparagraph=\count84
\c@figure=\count85
\c@table=\count86
\abovecaptionskip=\skip41
\belowcaptionskip=\skip42
\bibindent=\dimen102
)
(/usr/share/texmf/tex/latex/CJK/CJKutf8.sty
File: CJKutf8.sty 2006/10/17 4.7.0

(/usr/share/texmf-texlive/tex/generic/oberdiek/ifpdf.sty
Package: ifpdf 2006/02/20 v1.4 Provides the ifpdf switch (HO)
Package ifpdf Info: pdfTeX in pdf mode detected.
)
(/usr/share/texmf-texlive/tex/latex/base/inputenc.sty
Package: inputenc 2006/05/05 v1.1b Input encoding file
\inpenc@prehook=\toks14
\inpenc@posthook=\toks15

(/usr/share/texmf-texlive/tex/latex/base/utf8.def
File: utf8.def 2006/03/30 v1.1i UTF-8 support for inputenc
Now handling font encoding OML ...
... no UTF-8 mapping file for font encoding OML
Now handling font encoding T1 ...
... processing UTF-8 mapping file for font encodingT1

(/usr/share/texmf-texlive/tex/latex/base/t1enc.dfu
File: t1enc.dfu 2006/03/30 v1.1i UTF-8 support for inputenc
   defining Unicode char U+00A1 (decimal 161)
   defining Unicode char U+00A3 (decimal 163)
   defining Unicode char U+00AB (decimal 171)
   defining Unicode char U+00BB (decimal 187)
   defining Unicode char U+00BF (decimal 191)
   defining Unicode char U+00C0 (decimal 192)
   defining Unicode char U+00C1 (decimal 193)
   defining Unicode char U+00C2 (decimal 194)
   defining Unicode char U+00C3 (decimal 195)
   defining Unicode char U+00C4 (decimal 196)
   defining Unicode char U+00C5 (decimal 197)
   defining Unicode char U+00C6 (decimal 198)
   defining Unicode char U+00C7 (decimal 199)
   defining Unicode char U+00C8 (decimal 200)
   defining Unicode char U+00C9 (decimal 201)
   defining Unicode char U+00CA (decimal 202)
   defining Unicode char U+00CB (decimal 203)
   defining Unicode char U+00CC (decimal 204)
   defining Unicode char U+00CD (decimal 205)
   defining Unicode char U+00CE (decimal 206)
   defining Unicode char U+00CF (decimal 207)
   defining Unicode char U+00D0 (decimal 208)
   defining Unicode char U+00D1 (decimal 209)
   defining Unicode char U+00D2 (decimal 210)
   defining Unicode char U+00D3 (decimal 211)
   defining Unicode char U+00D4 (decimal 212)
   defining Unicode char U+00D5 (decimal 213)
   defining Unicode char U+00D6 (decimal 214)
   defining Unicode char U+00D8 (decimal 216)
   defining Unicode char U+00D9 (decimal 217)
   defining Unicode char U+00DA (decimal 218)
   defining Unicode char U+00DB (decimal 219)
   defining Unicode char U+00DC (decimal 220)
   defining Unicode char U+00DD (decimal 221)
   defining Unicode char U+00DE (decimal 222)
   defining Unicode char U+00DF (decimal 223)
   defining Unicode char U+00E0 (decimal 224)
   defining Unicode char U+00E1 (decimal 225)
   defining Unicode char U+00E2 (decimal 226)
   defining Unicode char U+00E3 (decimal 227)
   defining Unicode char U+00E4 (decimal 228)
   defining Unicode char U+00E5 (decimal 229)
   defining Unicode char U+00E6 (decimal 230)
   defining Unicode char U+00E7 (decimal 231)
   defining Unicode char U+00E8 (decimal 232)
   defining Unicode char U+00E9 (decimal 233)
   defining Unicode char U+00EA (decimal 234)
   defining Unicode char U+00EB (decimal 235)
   defining Unicode char U+00EC (decimal 236)
   defining Unicode char U+00ED (decimal 237)
   defining Unicode char U+00EE (decimal 238)
   defining Unicode char U+00EF (decimal 239)
   defining Unicode char U+00F0 (decimal 240)
   defining Unicode char U+00F1 (decimal 241)
   defining Unicode char U+00F2 (decimal 242)
   defining Unicode char U+00F3 (decimal 243)
   defining Unicode char U+00F4 (decimal 244)
   defining Unicode char U+00F5 (decimal 245)
   defining Unicode char U+00F6 (decimal 246)
   defining Unicode char U+00F8 (decimal 248)
   defining Unicode char U+00F9 (decimal 249)
   defining Unicode char U+00FA (decimal 250)
   defining Unicode char U+00FB (decimal 251)
   defining Unicode char U+00FC (decimal 252)
   defining Unicode char U+00FD (decimal 253)
   defining Unicode char U+00FE (decimal 254)
   defining Unicode char U+00FF (decimal 255)
   defining Unicode char U+0102 (decimal 258)
   defining Unicode char U+0103 (decimal 259)
   defining Unicode char U+0104 (decimal 260)
   defining Unicode char U+0105 (decimal 261)
   defining Unicode char U+0106 (decimal 262)
   defining Unicode char U+0107 (decimal 263)
   defining Unicode char U+010C (decimal 268)
   defining Unicode char U+010D (decimal 269)
   defining Unicode char U+010E (decimal 270)
   defining Unicode char U+010F (decimal 271)
   defining Unicode char U+0110 (decimal 272)
   defining Unicode char U+0111 (decimal 273)
   defining Unicode char U+0118 (decimal 280)
   defining Unicode char U+0119 (decimal 281)
   defining Unicode char U+011A (decimal 282)
   defining Unicode char U+011B (decimal 283)
   defining Unicode char U+011E (decimal 286)
   defining Unicode char U+011F (decimal 287)
   defining Unicode char U+0130 (decimal 304)
   defining Unicode char U+0131 (decimal 305)
   defining Unicode char U+0132 (decimal 306)
   defining Unicode char U+0133 (decimal 307)
   defining Unicode char U+0139 (decimal 313)
   defining Unicode char U+013A (decimal 314)
   defining Unicode char U+013D (decimal 317)
   defining Unicode char U+013E (decimal 318)
   defining Unicode char U+0141 (decimal 321)
   defining Unicode char U+0142 (decimal 322)
   defining Unicode char U+0143 (decimal 323)
   defining Unicode char U+0144 (decimal 324)
   defining Unicode char U+0147 (decimal 327)
   defining Unicode char U+0148 (decimal 328)
   defining Unicode char U+014A (decimal 330)
   defining Unicode char U+014B (decimal 331)
   defining Unicode char U+0150 (decimal 336)
   defining Unicode char U+0151 (decimal 337)
   defining Unicode char U+0152 (decimal 338)
   defining Unicode char U+0153 (decimal 339)
   defining Unicode char U+0154 (decimal 340)
   defining Unicode char U+0155 (decimal 341)
   defining Unicode char U+0158 (decimal 344)
   defining Unicode char U+0159 (decimal 345)
   defining Unicode char U+015A (decimal 346)
   defining Unicode char U+015B (decimal 347)
   defining Unicode char U+015E (decimal 350)
   defining Unicode char U+015F (decimal 351)
   defining Unicode char U+0160 (decimal 352)
   defining Unicode char U+0161 (decimal 353)
   defining Unicode char U+0162 (decimal 354)
   defining Unicode char U+0163 (decimal 355)
   defining Unicode char U+0164 (decimal 356)
   defining Unicode char U+0165 (decimal 357)
   defining Unicode char U+016E (decimal 366)
   defining Unicode char U+016F (decimal 367)
   defining Unicode char U+0170 (decimal 368)
   defining Unicode char U+0171 (decimal 369)
   defining Unicode char U+0178 (decimal 376)
   defining Unicode char U+0179 (decimal 377)
   defining Unicode char U+017A (decimal 378)
   defining Unicode char U+017B (decimal 379)
   defining Unicode char U+017C (decimal 380)
   defining Unicode char U+017D (decimal 381)
   defining Unicode char U+017E (decimal 382)
   defining Unicode char U+200C (decimal 8204)
   defining Unicode char U+2013 (decimal 8211)
   defining Unicode char U+2014 (decimal 8212)
   defining Unicode char U+2018 (decimal 8216)
   defining Unicode char U+2019 (decimal 8217)
   defining Unicode char U+201A (decimal 8218)
   defining Unicode char U+201C (decimal 8220)
   defining Unicode char U+201D (decimal 8221)
   defining Unicode char U+201E (decimal 8222)
   defining Unicode char U+2030 (decimal 8240)
   defining Unicode char U+2031 (decimal 8241)
   defining Unicode char U+2039 (decimal 8249)
   defining Unicode char U+203A (decimal 8250)
   defining Unicode char U+2423 (decimal 9251)
)
Now handling font encoding OT1 ...
... processing UTF-8 mapping file for font encodingOT1

(/usr/share/texmf-texlive/tex/latex/base/ot1enc.dfu
File: ot1enc.dfu 2006/03/30 v1.1i UTF-8 support for inputenc
   defining Unicode char U+00A1 (decimal 161)
   defining Unicode char U+00A3 (decimal 163)
   defining Unicode char U+00B8 (decimal 184)
   defining Unicode char U+00BF (decimal 191)
   defining Unicode char U+00C5 (decimal 197)
   defining Unicode char U+00C6 (decimal 198)
   defining Unicode char U+00D8 (decimal 216)
   defining Unicode char U+00DF (decimal 223)
   defining Unicode char U+00E6 (decimal 230)
   defining Unicode char U+00EC (decimal 236)
   defining Unicode char U+00ED (decimal 237)
   defining Unicode char U+00EE (decimal 238)
   defining Unicode char U+00EF (decimal 239)
   defining Unicode char U+00F8 (decimal 248)
   defining Unicode char U+0131 (decimal 305)
   defining Unicode char U+0141 (decimal 321)
   defining Unicode char U+0142 (decimal 322)
   defining Unicode char U+0152 (decimal 338)
   defining Unicode char U+0153 (decimal 339)
   defining Unicode char U+2013 (decimal 8211)
   defining Unicode char U+2014 (decimal 8212)
   defining Unicode char U+2018 (decimal 8216)
   defining Unicode char U+2019 (decimal 8217)
   defining Unicode char U+201C (decimal 8220)
   defining Unicode char U+201D (decimal 8221)
)
Now handling font encoding OMS ...
... processing UTF-8 mapping file for font encodingOMS

(/usr/share/texmf-texlive/tex/latex/base/omsenc.dfu
File: omsenc.dfu 2006/03/30 v1.1i UTF-8 support for inputenc
   defining Unicode char U+00A7 (decimal 167)
   defining Unicode char U+00B6 (decimal 182)
   defining Unicode char U+00B7 (decimal 183)
   defining Unicode char U+2020 (decimal 8224)
   defining Unicode char U+2021 (decimal 8225)
   defining Unicode char U+2022 (decimal 8226)
)
Now handling font encoding OMX ...
... no UTF-8 mapping file for font encoding OMX
Now handling font encoding U ...
... no UTF-8 mapping file for font encoding U
   defining Unicode char U+00A9 (decimal 169)
   defining Unicode char U+00AA (decimal 170)
   defining Unicode char U+00AE (decimal 174)
   defining Unicode char U+00BA (decimal 186)
   defining Unicode char U+02C6 (decimal 710)
   defining Unicode char U+02DC (decimal 732)
   defining Unicode char U+200C (decimal 8204)
   defining Unicode char U+2026 (decimal 8230)
   defining Unicode char U+2122 (decimal 8482)
   defining Unicode char U+2423 (decimal 9251)
))
(/usr/share/texmf/tex/latex/CJK/CJK.sty
Package: CJK 2006/10/17 4.7.0

(/usr/share/texmf/tex/latex/CJK/mule/MULEenc.sty
File: MULEenc.sty 2006/10/17 4.7.0
)
(/usr/share/texmf/tex/latex/CJK/CJK.enc
File: CJK.enc 2006/10/17 4.7.0
Now handling font encoding C00 ...
... no UTF-8 mapping file for font encoding C00
Now handling font encoding C05 ...
... no UTF-8 mapping file for font encoding C05
Now handling font encoding C09 ...
... no UTF-8 mapping file for font encoding C09
Now handling font encoding C10 ...
... no UTF-8 mapping file for font encoding C10
Now handling font encoding C20 ...
... no UTF-8 mapping file for font encoding C20
Now handling font encoding C19 ...
... no UTF-8 mapping file for font encoding C19
Now handling font encoding C40 ...
... no UTF-8 mapping file for font encoding C40
Now handling font encoding C42 ...
... no UTF-8 mapping file for font encoding C42
Now handling font encoding C43 ...
... no UTF-8 mapping file for font encoding C43
Now handling font encoding C50 ...
... no UTF-8 mapping file for font encoding C50
Now handling font encoding C52 ...
... no UTF-8 mapping file for font encoding C52
Now handling font encoding C49 ...
... no UTF-8 mapping file for font encoding C49
Now handling font encoding C60 ...
... no UTF-8 mapping file for font encoding C60
Now handling font encoding C61 ...
... no UTF-8 mapping file for font encoding C61
Now handling font encoding C63 ...
... no UTF-8 mapping file for font encoding C63
Now handling font encoding C64 ...
... no UTF-8 mapping file for font encoding C64
Now handling font encoding C65 ...
... no UTF-8 mapping file for font encoding C65
Now handling font encoding C70 ...
... no UTF-8 mapping file for font encoding C70
Now handling font encoding C31 ...
... no UTF-8 mapping file for font encoding C31
Now handling font encoding C32 ...
... no UTF-8 mapping file for font encoding C32
Now handling font encoding C33 ...
... no UTF-8 mapping file for font encoding C33
Now handling font encoding C34 ...
... no UTF-8 mapping file for font encoding C34
Now handling font encoding C35 ...
... no UTF-8 mapping file for font encoding C35
Now handling font encoding C36 ...
... no UTF-8 mapping file for font encoding C36
Now handling font encoding C37 ...
... no UTF-8 mapping file for font encoding C37
Now handling font encoding C80 ...
... no UTF-8 mapping file for font encoding C80
Now handling font encoding C81 ...
... no UTF-8 mapping file for font encoding C81
Now handling font encoding C01 ...
... no UTF-8 mapping file for font encoding C01
Now handling font encoding C11 ...
... no UTF-8 mapping file for font encoding C11
Now handling font encoding C21 ...
... no UTF-8 mapping file for font encoding C21
Now handling font encoding C41 ...
... no UTF-8 mapping file for font encoding C41
Now handling font encoding C62 ...
... no UTF-8 mapping file for font encoding C62
)
LaTeX Info: Redefining \selectfont on input line 741.
\CJK@indent=\box26
)
(/usr/share/texmf-texlive/tex/latex/base/fontenc.sty
Package: fontenc 2005/09/27 v1.99g Standard LaTeX package
))
(/usr/share/texmf-texlive/tex/latex/geometry/geometry.sty
Package: geometry 2002/07/08 v3.2 Page Geometry

(/usr/share/texmf-texlive/tex/latex/graphics/keyval.sty
Package: keyval 1999/03/16 v1.13 key=value parser (DPC)
\KV@toks@=\toks16
)
\Gm@cnth=\count87
\Gm@cntv=\count88
\c@Gm@tempcnt=\count89
\Gm@bindingoffset=\dimen103
\Gm@wd@mp=\dimen104
\Gm@odd@mp=\dimen105
\Gm@even@mp=\dimen106
\Gm@dimlist=\toks17

(/usr/share/texmf-texlive/tex/xelatex/xetexconfig/geometry.cfg))
(/usr/share/texmf-texlive/tex/latex/fancyhdr/fancyhdr.sty
\fancy@headwidth=\skip43
\f@ncyO@elh=\skip44
\f@ncyO@erh=\skip45
\f@ncyO@olh=\skip46
\f@ncyO@orh=\skip47
\f@ncyO@elf=\skip48
\f@ncyO@erf=\skip49
\f@ncyO@olf=\skip50
\f@ncyO@orf=\skip51
)
(/usr/share/texmf-texlive/tex/latex/tools/verbatim.sty
Package: verbatim 2003/08/22 v1.5q LaTeX2e package for verbatim enhancements
\every@verbatim=\toks18
\verbatim@line=\toks19
\verbatim@in@stream=\read1
)
(/usr/share/texmf-texlive/tex/latex/graphics/color.sty
Package: color 2005/11/14 v1.0j Standard LaTeX Color (DPC)

(/etc/texmf/tex/latex/config/color.cfg
File: color.cfg 2007/01/18 v1.5 color configuration of teTeX/TeXLive
)
Package color Info: Driver file: pdftex.def on input line 130.

(/usr/share/texmf-texlive/tex/latex/pdftex-def/pdftex.def
File: pdftex.def 2007/01/08 v0.04d Graphics/color for pdfTeX
\Gread@gobject=\count90
))
(/usr/share/texmf-texlive/tex/latex/ltxmisc/framed.sty
Package: framed 2003/07/21 v 0.8a: framed or shaded text with page breaks
\FrameRule=\dimen107
\FrameSep=\dimen108
)
(/usr/share/texmf-texlive/tex/latex/titlesec/titlesec.sty
Package: titlesec 2005/01/22 v2.6 Sectioning titles
\ttl@box=\box27
\beforetitleunit=\skip52
\aftertitleunit=\skip53
\ttl@plus=\dimen109
\ttl@minus=\dimen110
\titlewidth=\dimen111
\titlewidthlast=\dimen112
\titlewidthfirst=\dimen113
)
(/usr/share/texmf-texlive/tex/latex/tools/indentfirst.sty
Package: indentfirst 1995/11/23 v1.03 Indent first paragraph (DPC)
)
(/usr/share/texmf-texlive/tex/latex/ltxmisc/parskip.sty
Package: parskip 2001/04/09 non-zero parskip adjustments
)
(/usr/share/texmf-texlive/tex/latex/hyperref/hyperref.sty
Package: hyperref 2007/02/07 v6.75r Hypertext links for LaTeX
\@linkdim=\dimen114
\Hy@linkcounter=\count91
\Hy@pagecounter=\count92

(/usr/share/texmf-texlive/tex/latex/hyperref/pd1enc.def
File: pd1enc.def 2007/02/07 v6.75r Hyperref: PDFDocEncoding definition (HO)
Now handling font encoding PD1 ...
... no UTF-8 mapping file for font encoding PD1
)
(/etc/texmf/tex/latex/config/hyperref.cfg
File: hyperref.cfg 2002/06/06 v1.2 hyperref configuration of TeXLive
)
(/usr/share/texmf-texlive/tex/latex/oberdiek/kvoptions.sty
Package: kvoptions 2006/08/22 v2.4 Connects package keyval with LaTeX options (
HO)
)
Package hyperref Info: Option `unicode' set `true' on input line 2238.

(/usr/share/texmf-texlive/tex/latex/hyperref/puenc.def
File: puenc.def 2007/02/07 v6.75r Hyperref: PDF Unicode definition (HO)
Now handling font encoding PU ...
... no UTF-8 mapping file for font encoding PU
)
Package hyperref Info: Option `colorlinks' set `false' on input line 2238.
Package hyperref Info: Option `bookmarksnumbered' set `true' on input line 2238
.
Package hyperref Info: Option `bookmarksopen' set `true' on input line 2238.
Package hyperref Info: Hyper figures OFF on input line 2288.
Package hyperref Info: Link nesting OFF on input line 2293.
Package hyperref Info: Hyper index ON on input line 2296.
Package hyperref Info: Plain pages OFF on input line 2303.
Package hyperref Info: Backreferencing OFF on input line 2308.

Implicit mode ON; LaTeX internals redefined
Package hyperref Info: Bookmarks ON on input line 2444.
(/usr/share/texmf-texlive/tex/latex/ltxmisc/url.sty
\Urlmuskip=\muskip10
Package: url 2005/06/27  ver 3.2  Verb mode for urls, etc.
)
LaTeX Info: Redefining \url on input line 2599.
\Fld@menulength=\count93
\Field@Width=\dimen115
\Fld@charsize=\dimen116
\Choice@toks=\toks20
\Field@toks=\toks21
Package hyperref Info: Hyper figures OFF on input line 3102.
Package hyperref Info: Link nesting OFF on input line 3107.
Package hyperref Info: Hyper index ON on input line 3110.
Package hyperref Info: backreferencing OFF on input line 3117.
Package hyperref Info: Link coloring OFF on input line 3122.
\Hy@abspage=\count94
\c@Item=\count95
\c@Hfootnote=\count96
)
*hyperref using default driver hpdftex*
(/usr/share/texmf-texlive/tex/latex/hyperref/hpdftex.def
File: hpdftex.def 2007/02/07 v6.75r Hyperref driver for pdfTeX
\Fld@listcount=\count97
)
(/usr/share/texmf-texlive/tex/latex/moresize/moresize.sty
Package: moresize 1999/07/26 v1.9 (more font sizes)
)
(/usr/share/texmf-texlive/tex/latex/base/fontenc.sty
Package: fontenc 2005/09/27 v1.99g Standard LaTeX package

(/usr/share/texmf-texlive/tex/latex/base/t1enc.def
File: t1enc.def 2005/09/27 v1.99g Standard LaTeX file
LaTeX Font Info:    Redeclaring font encoding T1 on input line 43.
))
(/usr/share/texmf-texlive/tex/latex/fancybox/fancybox.sty
Package: fancybox 2000/09/19 1.3

Style option: `fancybox' v1.3 <2000/09/19> (tvz)
\@fancybox=\box28
\shadowsize=\dimen117
\@Sbox=\box29
\do@VerbBox=\toks22
\the@fancyput=\toks23
\this@fancyput=\toks24
\EndVerbatimTokens=\toks25
\Verbatim@Outfile=\write3
\Verbatim@Infile=\read2
) (/usr/share/texmf-texlive/tex/latex/tools/array.sty
Package: array 2005/08/23 v2.4b Tabular extension package (FMi)
\col@sep=\dimen118
\extrarowheight=\dimen119
\NC@list=\toks26
\extratabsurround=\skip54
\backup@length=\skip55
)
(/usr/share/texmf-texlive/tex/latex/tools/longtable.sty
Package: longtable 2004/02/01 v4.11 Multi-page Table package (DPC)
\LTleft=\skip56
\LTright=\skip57
\LTpre=\skip58
\LTpost=\skip59
\LTchunksize=\count98
\LTcapwidth=\dimen120
\LT@head=\box30
\LT@firsthead=\box31
\LT@foot=\box32
\LT@lastfoot=\box33
\LT@cols=\count99
\LT@rows=\count100
\c@LT@tables=\count101
\c@LT@chunks=\count102
\LT@p@ftn=\toks27
)
(/usr/share/texmf-texlive/tex/latex/multirow/multirow.sty
\bigstrutjot=\dimen121
)
(/usr/share/texmf-texlive/tex/latex/graphics/graphics.sty
Package: graphics 2006/02/20 v1.0o Standard LaTeX Graphics (DPC,SPQR)

(/usr/share/texmf-texlive/tex/latex/graphics/trig.sty
Package: trig 1999/03/16 v1.09 sin cos tan (DPC)
)
(/etc/texmf/tex/latex/config/graphics.cfg
File: graphics.cfg 2007/01/18 v1.5 graphics configuration of teTeX/TeXLive
)
Package graphics Info: Driver file: pdftex.def on input line 90.
)
(/usr/share/texmf-texlive/tex/latex/graphics/graphicx.sty
Package: graphicx 1999/02/16 v1.0f Enhanced LaTeX Graphics (DPC,SPQR)
\Gin@req@height=\dimen122
\Gin@req@width=\dimen123
) (./ddo-scheme.aux)
\openout1 = `ddo-scheme.aux'.

LaTeX Font Info:    Checking defaults for OML/cmm/m/it on input line 34.
LaTeX Font Info:    ... okay on input line 34.
LaTeX Font Info:    Checking defaults for T1/cmr/m/n on input line 34.
LaTeX Font Info:    ... okay on input line 34.
LaTeX Font Info:    Checking defaults for OT1/cmr/m/n on input line 34.
LaTeX Font Info:    ... okay on input line 34.
LaTeX Font Info:    Checking defaults for OMS/cmsy/m/n on input line 34.
LaTeX Font Info:    ... okay on input line 34.
LaTeX Font Info:    Checking defaults for OMX/cmex/m/n on input line 34.
LaTeX Font Info:    ... okay on input line 34.
LaTeX Font Info:    Checking defaults for U/cmr/m/n on input line 34.
LaTeX Font Info:    ... okay on input line 34.
LaTeX Font Info:    Checking defaults for C00/song/m/n on input line 34.
LaTeX Font Info:    ... okay on input line 34.
LaTeX Font Info:    Checking defaults for C05/song/m/n on input line 34.
LaTeX Font Info:    ... okay on input line 34.
LaTeX Font Info:    Checking defaults for C09/song/m/n on input line 34.
LaTeX Font Info:    ... okay on input line 34.
LaTeX Font Info:    Checking defaults for C10/song/m/n on input line 34.
LaTeX Font Info:    ... okay on input line 34.
LaTeX Font Info:    Checking defaults for C20/song/m/n on input line 34.
LaTeX Font Info:    ... okay on input line 34.
LaTeX Font Info:    Checking defaults for C19/song/m/n on input line 34.
LaTeX Font Info:    ... okay on input line 34.
LaTeX Font Info:    Checking defaults for C40/song/m/n on input line 34.
LaTeX Font Info:    ... okay on input line 34.
LaTeX Font Info:    Checking defaults for C42/song/m/n on input line 34.
LaTeX Font Info:    ... okay on input line 34.
LaTeX Font Info:    Checking defaults for C43/song/m/n on input line 34.
LaTeX Font Info:    ... okay on input line 34.
LaTeX Font Info:    Checking defaults for C50/song/m/n on input line 34.
LaTeX Font Info:    ... okay on input line 34.
LaTeX Font Info:    Checking defaults for C52/song/m/n on input line 34.
LaTeX Font Info:    ... okay on input line 34.
LaTeX Font Info:    Checking defaults for C49/song/m/n on input line 34.
LaTeX Font Info:    ... okay on input line 34.
LaTeX Font Info:    Checking defaults for C60/mj/m/n on input line 34.
LaTeX Font Info:    ... okay on input line 34.
LaTeX Font Info:    Checking defaults for C61/mj/m/n on input line 34.
LaTeX Font Info:    ... okay on input line 34.
LaTeX Font Info:    Checking defaults for C63/mj/m/n on input line 34.
LaTeX Font Info:    ... okay on input line 34.
LaTeX Font Info:    Checking defaults for C64/mj/m/n on input line 34.
LaTeX Font Info:    ... okay on input line 34.
LaTeX Font Info:    Checking defaults for C65/mj/m/n on input line 34.
LaTeX Font Info:    ... okay on input line 34.
LaTeX Font Info:    Checking defaults for C70/song/m/n on input line 34.
LaTeX Font Info:    ... okay on input line 34.
LaTeX Font Info:    Checking defaults for C31/song/m/n on input line 34.
LaTeX Font Info:    ... okay on input line 34.
LaTeX Font Info:    Checking defaults for C32/song/m/n on input line 34.
LaTeX Font Info:    ... okay on input line 34.
LaTeX Font Info:    Checking defaults for C33/song/m/n on input line 34.
LaTeX Font Info:    ... okay on input line 34.
LaTeX Font Info:    Checking defaults for C34/song/m/n on input line 34.
LaTeX Font Info:    ... okay on input line 34.
LaTeX Font Info:    Checking defaults for C35/song/m/n on input line 34.
LaTeX Font Info:    ... okay on input line 34.
LaTeX Font Info:    Checking defaults for C36/song/m/n on input line 34.
LaTeX Font Info:    ... okay on input line 34.
LaTeX Font Info:    Checking defaults for C37/song/m/n on input line 34.
LaTeX Font Info:    ... okay on input line 34.
LaTeX Font Info:    Checking defaults for C80/song/m/n on input line 34.
LaTeX Font Info:    ... okay on input line 34.
LaTeX Font Info:    Checking defaults for C81/song/m/n on input line 34.
LaTeX Font Info:    ... okay on input line 34.
LaTeX Font Info:    Checking defaults for C01/song/m/n on input line 34.
LaTeX Font Info:    ... okay on input line 34.
LaTeX Font Info:    Checking defaults for C11/song/m/n on input line 34.
LaTeX Font Info:    ... okay on input line 34.
LaTeX Font Info:    Checking defaults for C21/song/m/n on input line 34.
LaTeX Font Info:    ... okay on input line 34.
LaTeX Font Info:    Checking defaults for C41/song/m/n on input line 34.
LaTeX Font Info:    ... okay on input line 34.
LaTeX Font Info:    Checking defaults for C62/song/m/n on input line 34.
LaTeX Font Info:    ... okay on input line 34.
LaTeX Font Info:    Checking defaults for PD1/pdf/m/n on input line 34.
LaTeX Font Info:    ... okay on input line 34.
LaTeX Font Info:    Checking defaults for PU/pdf/m/n on input line 34.
LaTeX Font Info:    ... okay on input line 34.
-------------------- Geometry parameters
paper: a4paper
landscape: --
twocolumn: --
twoside: --
asymmetric: --
h-parts: 71.13188pt, 483.69687pt, 42.67912pt
v-parts: 42.67912pt, 759.6886pt, 42.67912pt
hmarginratio: --
vmarginratio: --
lines: --
heightrounded: --
bindingoffset: 0.0pt
truedimen: --
includehead: true
includefoot: true
includemp: --
driver: pdftex
-------------------- Page layout dimensions and switches
\paperwidth  597.50787pt
\paperheight 845.04684pt
\textwidth  483.69687pt
\textheight 692.6886pt
\oddsidemargin  -1.1381pt
\evensidemargin -1.1381pt
\topmargin  -29.59087pt
\headheight 12.0pt
\headsep    25.0pt
\footskip   30.0pt
\marginparwidth 57.0pt
\marginparsep   11.0pt
\columnsep  10.0pt
\skip\footins  9.0pt plus 4.0pt minus 2.0pt
\hoffset 0.0pt
\voffset 0.0pt
\mag 1000

(1in=72.27pt, 1cm=28.45pt)
-----------------------
Package hyperref Info: Link coloring OFF on input line 34.

(/usr/share/texmf-texlive/tex/latex/hyperref/nameref.sty
Package: nameref 2006/12/27 v2.28 Cross-referencing by name of section

(/usr/share/texmf-texlive/tex/latex/oberdiek/refcount.sty
Package: refcount 2006/02/20 v3.0 Data extraction from references (HO)
)
\c@section@level=\count103
)
LaTeX Info: Redefining \ref on input line 34.
LaTeX Info: Redefining \pageref on input line 34.
 (./ddo-scheme.out)
(./ddo-scheme.out)
\@outlinefile=\write4
\openout4 = `ddo-scheme.out'.

 (/usr/share/texmf/tex/latex/CJK/UTF8/UTF8.bdg
File: UTF8.bdg 2006/10/17 4.7.0
)
(/usr/share/texmf/tex/latex/CJK/UTF8/UTF8.enc
File: UTF8.enc 2006/10/17 4.7.0
)
(/usr/share/texmf/tex/latex/CJK/UTF8/UTF8.chr
File: UTF8.chr 2006/10/17 4.7.0
)
LaTeX Font Info:    Try loading font information for C70+gbsn on input line 38.


(/usr/share/texmf/tex/latex/CJK/UTF8/c70gbsn.fd
File: c70gkai.fd 2005/08/11 4.6.0
)
(/usr/share/texmf/tex/latex/CJK/UTF8/c70gbsn.fdx
File: c70gbsn.fdx 2006/10/17 4.7.0
)
LaTeX Font Info:    External font `cmex10' loaded for size
(Font)              <12> on input line 38.
LaTeX Font Info:    External font `cmex10' loaded for size
(Font)              <8> on input line 38.
LaTeX Font Info:    External font `cmex10' loaded for size
(Font)              <6> on input line 38.
 [1

{/var/lib/texmf/fonts/map/pdftex/updmap/pdftex.map}] (./ddo-scheme.toc
LaTeX Font Info:    External font `cmex10' loaded for size
(Font)              <7> on input line 3.
LaTeX Font Info:    External font `cmex10' loaded for size
(Font)              <5> on input line 3.


! Package inputenc Error: Unicode char \u 8:单 not set up for use with LaTeX.

See the inputenc package documentation for explanation.
Type  H <return>  for immediate help.
 ...                                              
                                                  
l.14 ...n> to continue without it.}}{5}{section.3}
                                                  
Your command was ignored.
Type I <command> <return> to replace it with another command,
or <return> to continue without it.


! Package inputenc Error: Unicode char \u 8:个 not set up for use with LaTeX.

See the inputenc package documentation for explanation.
Type  H <return>  for immediate help.
 ...                                              
                                                  
l.14 ...n> to continue without it.}}{5}{section.3}
                                                  
Your command was ignored.
Type I <command> <return> to replace it with another command,
or <return> to continue without it.


! Package inputenc Error: Unicode char \u 8:包 not set up for use with LaTeX.

See the inputenc package documentation for explanation.
Type  H <return>  for immediate help.
 ...                                              
                                                  
l.14 ...n> to continue without it.}}{5}{section.3}
                                                  
Your command was ignored.
Type I <command> <return> to replace it with another command,
or <return> to continue without it.


! Package inputenc Error: Unicode char \u 8:编 not set up for use with LaTeX.

See the inputenc package documentation for explanation.
Type  H <return>  for immediate help.
 ...                                              
                                                  
l.14 ...n> to continue without it.}}{5}{section.3}
                                                  
Your command was ignored.
Type I <command> <return> to replace it with another command,
or <return> to continue without it.


! Package inputenc Error: Unicode char \u 8:译 not set up for use with LaTeX.

See the inputenc package documentation for explanation.
Type  H <return>  for immediate help.
 ...                                              
                                                  
l.14 ...n> to continue without it.}}{5}{section.3}
                                                  
Your command was ignored.
Type I <command> <return> to replace it with another command,
or <return> to continue without it.


! Package inputenc Error: Unicode char \u 8:整 not set up for use with LaTeX.

See the inputenc package documentation for explanation.
Type  H <return>  for immediate help.
 ...                                              
                                                  
l.17 ...n> to continue without it.}}{5}{section.4}
                                                  
Your command was ignored.
Type I <command> <return> to replace it with another command,
or <return> to continue without it.


! Package inputenc Error: Unicode char \u 8:体 not set up for use with LaTeX.

See the inputenc package documentation for explanation.
Type  H <return>  for immediate help.
 ...                                              
                                                  
l.17 ...n> to continue without it.}}{5}{section.4}
                                                  
Your command was ignored.
Type I <command> <return> to replace it with another command,
or <return> to continue without it.


! Package inputenc Error: Unicode char \u 8:编 not set up for use with LaTeX.

See the inputenc package documentation for explanation.
Type  H <return>  for immediate help.
 ...                                              
                                                  
l.17 ...n> to continue without it.}}{5}{section.4}
                                                  
Your command was ignored.
Type I <command> <return> to replace it with another command,
or <return> to continue without it.


! Package inputenc Error: Unicode char \u 8:译 not set up for use with LaTeX.

See the inputenc package documentation for explanation.
Type  H <return>  for immediate help.
 ...                                              
                                                  
l.17 ...n> to continue without it.}}{5}{section.4}
                                                  
Your command was ignored.
Type I <command> <return> to replace it with another command,
or <return> to continue without it.


! Package inputenc Error: Unicode char \u 8:验 not set up for use with LaTeX.

See the inputenc package documentation for explanation.
Type  H <return>  for immediate help.
 ...                                              
                                                  
l.20 ...turn> to continue without it.}}{5}{part.2}
                                                  
Your command was ignored.
Type I <command> <return> to replace it with another command,
or <return> to continue without it.


! Package inputenc Error: Unicode char \u 8:证 not set up for use with LaTeX.

See the inputenc package documentation for explanation.
Type  H <return>  for immediate help.
 ...                                              
                                                  
l.20 ...turn> to continue without it.}}{5}{part.2}
                                                  
Your command was ignored.
Type I <command> <return> to replace it with another command,
or <return> to continue without it.


! Package inputenc Error: Unicode char \u 8:机 not set up for use with LaTeX.

See the inputenc package documentation for explanation.
Type  H <return>  for immediate help.
 ...                                              
                                                  
l.20 ...turn> to continue without it.}}{5}{part.2}
                                                  
Your command was ignored.
Type I <command> <return> to replace it with another command,
or <return> to continue without it.


! Package inputenc Error: Unicode char \u 8:制 not set up for use with LaTeX.

See the inputenc package documentation for explanation.
Type  H <return>  for immediate help.
 ...                                              
                                                  
l.20 ...turn> to continue without it.}}{5}{part.2}
                                                  
Your command was ignored.
Type I <command> <return> to replace it with another command,
or <return> to continue without it.


! Package inputenc Error: Unicode char \u 8:验 not set up for use with LaTeX.

See the inputenc package documentation for explanation.
Type  H <return>  for immediate help.
 ...                                              
                                                  
l.21 ...n> to continue without it.}}{5}{section.5}
                                                  
Your command was ignored.
Type I <command> <return> to replace it with another command,
or <return> to continue without it.


! Package inputenc Error: Unicode char \u 8:证 not set up for use with LaTeX.

See the inputenc package documentation for explanation.
Type  H <return>  for immediate help.
 ...                                              
                                                  
l.21 ...n> to continue without it.}}{5}{section.5}
                                                  
Your command was ignored.
Type I <command> <return> to replace it with another command,
or <return> to continue without it.


! Package inputenc Error: Unicode char \u 8:机 not set up for use with LaTeX.

See the inputenc package documentation for explanation.
Type  H <return>  for immediate help.
 ...                                              
                                                  
l.21 ...n> to continue without it.}}{5}{section.5}
                                                  
Your command was ignored.
Type I <command> <return> to replace it with another command,
or <return> to continue without it.


! Package inputenc Error: Unicode char \u 8:制 not set up for use with LaTeX.

See the inputenc package documentation for explanation.
Type  H <return>  for immediate help.
 ...                                              
                                                  
l.21 ...n> to continue without it.}}{5}{section.5}
                                                  
Your command was ignored.
Type I <command> <return> to replace it with another command,
or <return> to continue without it.


! Package inputenc Error: Unicode char \u 8:下 not set up for use with LaTeX.

See the inputenc package documentation for explanation.
Type  H <return>  for immediate help.
 ...                                              
                                                  
l.22 ... continue without it.}}{5}{subsection.5.1}
                                                  
Your command was ignored.
Type I <command> <return> to replace it with another command,
or <return> to continue without it.


! Package inputenc Error: Unicode char \u 8:载 not set up for use with LaTeX.

See the inputenc package documentation for explanation.
Type  H <return>  for immediate help.
 ...                                              
                                                  
l.22 ... continue without it.}}{5}{subsection.5.1}
                                                  
Your command was ignored.
Type I <command> <return> to replace it with another command,
or <return> to continue without it.


! Package inputenc Error: Unicode char \u 8:代 not set up for use with LaTeX.

See the inputenc package documentation for explanation.
Type  H <return>  for immediate help.
 ...                                              
                                                  
l.22 ... continue without it.}}{5}{subsection.5.1}
                                                  
Your command was ignored.
Type I <command> <return> to replace it with another command,
or <return> to continue without it.


! Package inputenc Error: Unicode char \u 8:码 not set up for use with LaTeX.

See the inputenc package documentation for explanation.
Type  H <return>  for immediate help.
 ...                                              
                                                  
l.22 ... continue without it.}}{5}{subsection.5.1}
                                                  
Your command was ignored.
Type I <command> <return> to replace it with another command,
or <return> to continue without it.


! Package inputenc Error: Unicode char \u 8:仓 not set up for use with LaTeX.

See the inputenc package documentation for explanation.
Type  H <return>  for immediate help.
 ...                                              
                                                  
l.22 ... continue without it.}}{5}{subsection.5.1}
                                                  
Your command was ignored.
Type I <command> <return> to replace it with another command,
or <return> to continue without it.


! Package inputenc Error: Unicode char \u 8:库 not set up for use with LaTeX.

See the inputenc package documentation for explanation.
Type  H <return>  for immediate help.
 ...                                              
                                                  
l.22 ... continue without it.}}{5}{subsection.5.1}
                                                  
Your command was ignored.
Type I <command> <return> to replace it with another command,
or <return> to continue without it.


! Package inputenc Error: Unicode char \u 8:网 not set up for use with LaTeX.

See the inputenc package documentation for explanation.
Type  H <return>  for immediate help.
 ...                                              
                                                  
l.24 ...turn> to continue without it.}}{5}{part.3}
                                                  
Your command was ignored.
Type I <command> <return> to replace it with another command,
or <return> to continue without it.


! Package inputenc Error: Unicode char \u 8:络 not set up for use with LaTeX.

See the inputenc package documentation for explanation.
Type  H <return>  for immediate help.
 ...                                              
                                                  
l.24 ...turn> to continue without it.}}{5}{part.3}
                                                  
Your command was ignored.
Type I <command> <return> to replace it with another command,
or <return> to continue without it.


! Package inputenc Error: Unicode char \u 8:安 not set up for use with LaTeX.

See the inputenc package documentation for explanation.
Type  H <return>  for immediate help.
 ...                                              
                                                  
l.24 ...turn> to continue without it.}}{5}{part.3}
                                                  
Your command was ignored.
Type I <command> <return> to replace it with another command,
or <return> to continue without it.


! Package inputenc Error: Unicode char \u 8:装 not set up for use with LaTeX.

See the inputenc package documentation for explanation.
Type  H <return>  for immediate help.
 ...                                              
                                                  
l.24 ...turn> to continue without it.}}{5}{part.3}
                                                  
Your command was ignored.
Type I <command> <return> to replace it with another command,
or <return> to continue without it.


! Package inputenc Error: Unicode char \u 8:网 not set up for use with LaTeX.

See the inputenc package documentation for explanation.
Type  H <return>  for immediate help.
 ...                                              
                                                  
l.25 ...n> to continue without it.}}{5}{section.6}
                                                  
Your command was ignored.
Type I <command> <return> to replace it with another command,
or <return> to continue without it.


! Package inputenc Error: Unicode char \u 8:络 not set up for use with LaTeX.

See the inputenc package documentation for explanation.
Type  H <return>  for immediate help.
 ...                                              
                                                  
l.25 ...n> to continue without it.}}{5}{section.6}
                                                  
Your command was ignored.
Type I <command> <return> to replace it with another command,
or <return> to continue without it.


! Package inputenc Error: Unicode char \u 8:安 not set up for use with LaTeX.

See the inputenc package documentation for explanation.
Type  H <return>  for immediate help.
 ...                                              
                                                  
l.25 ...n> to continue without it.}}{5}{section.6}
                                                  
Your command was ignored.
Type I <command> <return> to replace it with another command,
or <return> to continue without it.


! Package inputenc Error: Unicode char \u 8:装 not set up for use with LaTeX.

See the inputenc package documentation for explanation.
Type  H <return>  for immediate help.
 ...                                              
                                                  
l.25 ...n> to continue without it.}}{5}{section.6}
                                                  
Your command was ignored.
Type I <command> <return> to replace it with another command,
or <return> to continue without it.


! Package inputenc Error: Unicode char \u 8:下 not set up for use with LaTeX.

See the inputenc package documentation for explanation.
Type  H <return>  for immediate help.
 ...                                              
                                                  
l.26 ... continue without it.}}{5}{subsection.6.1}
                                                  
Your command was ignored.
Type I <command> <return> to replace it with another command,
or <return> to continue without it.


! Package inputenc Error: Unicode char \u 8:载 not set up for use with LaTeX.

See the inputenc package documentation for explanation.
Type  H <return>  for immediate help.
 ...                                              
                                                  
l.26 ... continue without it.}}{5}{subsection.6.1}
                                                  
Your command was ignored.
Type I <command> <return> to replace it with another command,
or <return> to continue without it.


! Package inputenc Error: Unicode char \u 8:代 not set up for use with LaTeX.

See the inputenc package documentation for explanation.
Type  H <return>  for immediate help.
 ...                                              
                                                  
l.26 ... continue without it.}}{5}{subsection.6.1}
                                                  
Your command was ignored.
Type I <command> <return> to replace it with another command,
or <return> to continue without it.


! Package inputenc Error: Unicode char \u 8:码 not set up for use with LaTeX.

See the inputenc package documentation for explanation.
Type  H <return>  for immediate help.
 ...                                              
                                                  
l.26 ... continue without it.}}{5}{subsection.6.1}
                                                  
Your command was ignored.
Type I <command> <return> to replace it with another command,
or <return> to continue without it.


! Package inputenc Error: Unicode char \u 8:仓 not set up for use with LaTeX.

See the inputenc package documentation for explanation.
Type  H <return>  for immediate help.
 ...                                              
                                                  
l.26 ... continue without it.}}{5}{subsection.6.1}
                                                  
Your command was ignored.
Type I <command> <return> to replace it with another command,
or <return> to continue without it.


! Package inputenc Error: Unicode char \u 8:库 not set up for use with LaTeX.

See the inputenc package documentation for explanation.
Type  H <return>  for immediate help.
 ...                                              
                                                  
l.26 ... continue without it.}}{5}{subsection.6.1}
                                                  
Your command was ignored.
Type I <command> <return> to replace it with another command,
or <return> to continue without it.


! Package inputenc Error: Unicode char \u 8:远 not set up for use with LaTeX.

See the inputenc package documentation for explanation.
Type  H <return>  for immediate help.
 ...                                              
                                                  
l.28 ...turn> to continue without it.}}{5}{part.4}
                                                  
Your command was ignored.
Type I <command> <return> to replace it with another command,
or <return> to continue without it.


! Package inputenc Error: Unicode char \u 8:程 not set up for use with LaTeX.

See the inputenc package documentation for explanation.
Type  H <return>  for immediate help.
 ...                                              
                                                  
l.28 ...turn> to continue without it.}}{5}{part.4}
                                                  
Your command was ignored.
Type I <command> <return> to replace it with another command,
or <return> to continue without it.


! Package inputenc Error: Unicode char \u 8:升 not set up for use with LaTeX.

See the inputenc package documentation for explanation.
Type  H <return>  for immediate help.
 ...                                              
                                                  
l.28 ...turn> to continue without it.}}{5}{part.4}
                                                  
Your command was ignored.
Type I <command> <return> to replace it with another command,
or <return> to continue without it.


! Package inputenc Error: Unicode char \u 8:级 not set up for use with LaTeX.

See the inputenc package documentation for explanation.
Type  H <return>  for immediate help.
 ...                                              
                                                  
l.28 ...turn> to continue without it.}}{5}{part.4}
                                                  
Your command was ignored.
Type I <command> <return> to replace it with another command,
or <return> to continue without it.


! Package inputenc Error: Unicode char \u 8:远 not set up for use with LaTeX.

See the inputenc package documentation for explanation.
Type  H <return>  for immediate help.
 ...                                              
                                                  
l.29 ...n> to continue without it.}}{6}{section.7}
                                                  
Your command was ignored.
Type I <command> <return> to replace it with another command,
or <return> to continue without it.


! Package inputenc Error: Unicode char \u 8:程 not set up for use with LaTeX.

See the inputenc package documentation for explanation.
Type  H <return>  for immediate help.
 ...                                              
                                                  
l.29 ...n> to continue without it.}}{6}{section.7}
                                                  
Your command was ignored.
Type I <command> <return> to replace it with another command,
or <return> to continue without it.


! Package inputenc Error: Unicode char \u 8:升 not set up for use with LaTeX.

See the inputenc package documentation for explanation.
Type  H <return>  for immediate help.
 ...                                              
                                                  
l.29 ...n> to continue without it.}}{6}{section.7}
                                                  
Your command was ignored.
Type I <command> <return> to replace it with another command,
or <return> to continue without it.


! Package inputenc Error: Unicode char \u 8:级 not set up for use with LaTeX.

See the inputenc package documentation for explanation.
Type  H <return>  for immediate help.
 ...                                              
                                                  
l.29 ...n> to continue without it.}}{6}{section.7}
                                                  
Your command was ignored.
Type I <command> <return> to replace it with another command,
or <return> to continue without it.


! Package inputenc Error: Unicode char \u 8:下 not set up for use with LaTeX.

See the inputenc package documentation for explanation.
Type  H <return>  for immediate help.
 ...                                              
                                                  
l.30 ... continue without it.}}{6}{subsection.7.1}
                                                  
Your command was ignored.
Type I <command> <return> to replace it with another command,
or <return> to continue without it.


! Package inputenc Error: Unicode char \u 8:载 not set up for use with LaTeX.

See the inputenc package documentation for explanation.
Type  H <return>  for immediate help.
 ...                                              
                                                  
l.30 ... continue without it.}}{6}{subsection.7.1}
                                                  
Your command was ignored.
Type I <command> <return> to replace it with another command,
or <return> to continue without it.


! Package inputenc Error: Unicode char \u 8:代 not set up for use with LaTeX.

See the inputenc package documentation for explanation.
Type  H <return>  for immediate help.
 ...                                              
                                                  
l.30 ... continue without it.}}{6}{subsection.7.1}
                                                  
Your command was ignored.
Type I <command> <return> to replace it with another command,
or <return> to continue without it.


! Package inputenc Error: Unicode char \u 8:码 not set up for use with LaTeX.

See the inputenc package documentation for explanation.
Type  H <return>  for immediate help.
 ...                                              
                                                  
l.30 ... continue without it.}}{6}{subsection.7.1}
                                                  
Your command was ignored.
Type I <command> <return> to replace it with another command,
or <return> to continue without it.


! Package inputenc Error: Unicode char \u 8:仓 not set up for use with LaTeX.

See the inputenc package documentation for explanation.
Type  H <return>  for immediate help.
 ...                                              
                                                  
l.30 ... continue without it.}}{6}{subsection.7.1}
                                                  
Your command was ignored.
Type I <command> <return> to replace it with another command,
or <return> to continue without it.


! Package inputenc Error: Unicode char \u 8:库 not set up for use with LaTeX.

See the inputenc package documentation for explanation.
Type  H <return>  for immediate help.
 ...                                              
                                                  
l.30 ... continue without it.}}{6}{subsection.7.1}
                                                  
Your command was ignored.
Type I <command> <return> to replace it with another command,
or <return> to continue without it.

)
\tf@toc=\write5
\openout5 = `ddo-scheme.toc'.

 [2] [3] [4] [5] [6] (./ddo-scheme.aux) ) 
Here is how much of TeX's memory you used:
 6389 strings out of 95080
 80283 string characters out of 1183096
 140554 words of memory out of 1500000
 9233 multiletter control sequences out of 10000+50000
 43780 words of font info for 139 fonts, out of 1200000 for 2000
 28 hyphenation exceptions out of 8191
 30i,6n,43p,2109b,1097s stack positions out of 5000i,500n,6000p,200000b,5000s
pdfTeX warning (dest): name{subsubsect
ion.2.4.1} has been referenced but does not exist, replaced by a fixed one

pdfTeX warning (dest): name{subsection.2.4} has been referenced but does not ex
ist, replaced by a fixed one

pdfTeX warning (dest): name{subsubsection.2.3.1} has been referenced but does n
ot exist, replaced by a fixed one

pdfTeX warning (dest): name{subsection.2.3} has been referenced but does not ex
ist, replaced by a fixed one

pdfTeX warning (dest): name{subsubsection.2.2.1} has been referenced but does n
ot exist, replaced by a fixed one

pdfTeX warning (dest): name{subsection.2.2} has been referenced but does not ex
ist, replaced by a fixed one

 </home/lxu/.texmf-var/fonts/pk/ljfour/jknappen/ec/ecbx2074.600pk> </home/lxu/.
texmf-var/fonts/pk/ljfour/jknappen/ec/ecbx1000.600pk> </home/lxu/.texmf-var/fon
ts/pk/ljfour/jknappen/ec/ecbx1200.600pk> </home/lxu/.texmf-var/fonts/pk/ljfour/
jknappen/ec/ecbx1440.600pk> </home/lxu/.texmf-var/fonts/pk/ljfour/jknappen/ec/e
crm1000.600pk> </home/lxu/.texmf-var/fonts/pk/ljfour/jknappen/ec/ecrm0900.600pk
> </home/lxu/.texmf-var/fonts/pk/ljfour/jknappen/ec/ecbx0900.600pk> </home/lxu/
.texmf-var/fonts/pk/ljfour/jknappen/ec/ecrm1200.600pk> </home/lxu/.texmf-var/fo
nts/pk/ljfour/jknappen/ec/ecrm1728.600pk></usr/share/texmf/fonts/type1/arphic/g
bsnu/gbsnu30.pfb></usr/share/texmf/fonts/type1/arphic/gbsnu/gbsnu4e.pfb></usr/s
hare/texmf/fonts/type1/arphic/gbsnu/gbsnu4f.pfb></usr/share/texmf/fonts/type1/a
rphic/gbsnu/gbsnu51.pfb></usr/share/texmf/fonts/type1/arphic/gbsnu/gbsnu52.pfb>
</usr/share/texmf/fonts/type1/arphic/gbsnu/gbsnu53.pfb></usr/share/texmf/fonts/
type1/arphic/gbsnu/gbsnu54.pfb></usr/share/texmf/fonts/type1/arphic/gbsnu/gbsnu
59.pfb></usr/share/texmf/fonts/type1/arphic/gbsnu/gbsnu5b.pfb></usr/share/texmf
/fonts/type1/arphic/gbsnu/gbsnu5d.pfb></usr/share/texmf/fonts/type1/arphic/gbsn
u/gbsnu5e.pfb></usr/share/texmf/fonts/type1/arphic/gbsnu/gbsnu5f.pfb></usr/shar
e/texmf/fonts/type1/arphic/gbsnu/gbsnu60.pfb></usr/share/texmf/fonts/type1/arph
ic/gbsnu/gbsnu62.pfb></usr/share/texmf/fonts/type1/arphic/gbsnu/gbsnu64.pfb></u
sr/share/texmf/fonts/type1/arphic/gbsnu/gbsnu65.pfb></usr/share/texmf/fonts/typ
e1/arphic/gbsnu/gbsnu67.pfb></usr/share/texmf/fonts/type1/arphic/gbsnu/gbsnu68.
pfb></usr/share/texmf/fonts/type1/arphic/gbsnu/gbsnu6d.pfb></usr/share/texmf/fo
nts/type1/arphic/gbsnu/gbsnu6e.pfb></usr/share/texmf/fonts/type1/arphic/gbsnu/g
bsnu71.pfb></usr/share/texmf/fonts/type1/arphic/gbsnu/gbsnu75.pfb></usr/share/t
exmf/fonts/type1/arphic/gbsnu/gbsnu76.pfb></usr/share/texmf/fonts/type1/arphic/
gbsnu/gbsnu78.pfb></usr/share/texmf/fonts/type1/arphic/gbsnu/gbsnu7a.pfb></usr/
share/texmf/fonts/type1/arphic/gbsnu/gbsnu7c.pfb></usr/share/texmf/fonts/type1/
arphic/gbsnu/gbsnu7d.pfb></usr/share/texmf/fonts/type1/arphic/gbsnu/gbsnu7e.pfb
></usr/share/texmf/fonts/type1/arphic/gbsnu/gbsnu7f.pfb></usr/share/texmf/fonts
/type1/arphic/gbsnu/gbsnu81.pfb></usr/share/texmf/fonts/type1/arphic/gbsnu/gbsn
u88.pfb></usr/share/texmf/fonts/type1/arphic/gbsnu/gbsnu89.pfb></usr/share/texm
f/fonts/type1/arphic/gbsnu/gbsnu8b.pfb></usr/share/texmf/fonts/type1/arphic/gbs
nu/gbsnu8f.pfb></usr/share/texmf/fonts/type1/arphic/gbsnu/gbsnu90.pfb></usr/sha
re/texmf/fonts/type1/arphic/gbsnu/gbsnu95.pfb></usr/share/texmf/fonts/type1/arp
hic/gbsnu/gbsnu98.pfb></usr/share/texmf/fonts/type1/arphic/gbsnu/gbsnu9a.pfb></
usr/share/texmf/fonts/type1/arphic/gbsnu/gbsnu9b.pfb></usr/share/texmf/fonts/ty
pe1/arphic/gbsnu/gbsnuff.pfb>
Output written on ddo-scheme.pdf (6 pages, 248970 bytes).
PDF statistics:
 602 PDF objects out of 1000 (max. 8388607)
 51 named destinations out of 1000 (max. 131072)
 425 words of extra memory for PDF output out of 10000 (max. 10000000)

